<?xml version="1.0" encoding="UTF-8"?>
<Site BuildName="(empty)"
	BuildStamp="20251002-1733-Experimental"
	Name="(empty)"
	Generator="ctest-3.30.2"
	CompilerName=""
	CompilerVersion=""
	OSName="Windows"
	Hostname="DESKTOP-R9C8UOH"
	OSRelease=" Personal"
	OSVersion=" (Build 26100)"
	OSPlatform="AMD64"
	Is64Bits="1"
	VendorString="GenuineIntel"
	VendorID="Intel Corporation"
	FamilyID="6"
	ModelID="10"
	ProcessorCacheSize="-1"
	NumberOfLogicalCPU="12"
	NumberOfPhysicalCPU="10"
	TotalVirtualMemory="34436"
	TotalPhysicalMemory="32388"
	LogicalProcessorsPerPhysical="1"
	ProcessorClockFrequency="1881"
	>
	<Testing>
		<StartDateTime>Oct 02 16:36 Eastern Daylight Time</StartDateTime>
		<StartTestTime>1759437388</StartTestTime>
		<TestList/>
		<EndDateTime>Oct 02 16:36 Eastern Daylight Time</EndDateTime>
		<EndTestTime>1759437388</EndTestTime>
		<ElapsedMinutes>0</ElapsedMinutes>
	</Testing>
</Site>
